Determining if the pthread_create exist failed with the following output:
Change Dir: /home/esdeath/CLionProjects/The Matrix/cmake-build-debug/CMakeFiles/CMakeTmp

Run Build Command:"/usr/bin/make" "cmTC_23a96/fast"
/usr/bin/make -f CMakeFiles/cmTC_23a96.dir/build.make CMakeFiles/cmTC_23a96.dir/build
make[1]: вход в каталог «/home/esdeath/CLionProjects/The Matrix/cmake-build-debug/CMakeFiles/CMakeTmp»
Building C object CMakeFiles/cmTC_23a96.dir/CheckSymbolExists.c.o
/usr/bin/cc    -o CMakeFiles/cmTC_23a96.dir/CheckSymbolExists.c.o   -c "/home/esdeath/CLionProjects/The Matrix/cmake-build-debug/CMakeFiles/CMakeTmp/CheckSymbolExists.c"
Linking C executable cmTC_23a96
/home/esdeath/.local/share/JetBrains/Toolbox/apps/CLion/ch-0/173.4548.31/bin/cmake/bin/cmake -E cmake_link_script CMakeFiles/cmTC_23a96.dir/link.txt --verbose=1
/usr/bin/cc      CMakeFiles/cmTC_23a96.dir/CheckSymbolExists.c.o  -o cmTC_23a96 
CMakeFiles/cmTC_23a96.dir/CheckSymbolExists.c.o: In function `main':
CheckSymbolExists.c:(.text+0x16): undefined reference to `pthread_create'
collect2: error: ld returned 1 exit status
CMakeFiles/cmTC_23a96.dir/build.make:97: ошибка выполнения рецепта для цели «cmTC_23a96»
make[1]: *** [cmTC_23a96] Ошибка 1
make[1]: выход из каталога «/home/esdeath/CLionProjects/The Matrix/cmake-build-debug/CMakeFiles/CMakeTmp»
Makefile:126: ошибка выполнения рецепта для цели «cmTC_23a96/fast»
make: *** [cmTC_23a96/fast] Ошибка 2

File /home/esdeath/CLionProjects/The Matrix/cmake-build-debug/CMakeFiles/CMakeTmp/CheckSymbolExists.c:
/* */
#include <pthread.h>

int main(int argc, char** argv)
{
  (void)argv;
#ifndef pthread_create
  return ((int*)(&pthread_create))[argc];
#else
  (void)argc;
  return 0;
#endif
}

Determining if the function pthread_create exists in the pthreads failed with the following output:
Change Dir: /home/esdeath/CLionProjects/The Matrix/cmake-build-debug/CMakeFiles/CMakeTmp

Run Build Command:"/usr/bin/make" "cmTC_17ff9/fast"
/usr/bin/make -f CMakeFiles/cmTC_17ff9.dir/build.make CMakeFiles/cmTC_17ff9.dir/build
make[1]: вход в каталог «/home/esdeath/CLionProjects/The Matrix/cmake-build-debug/CMakeFiles/CMakeTmp»
Building C object CMakeFiles/cmTC_17ff9.dir/CheckFunctionExists.c.o
/usr/bin/cc   -DCHECK_FUNCTION_EXISTS=pthread_create   -o CMakeFiles/cmTC_17ff9.dir/CheckFunctionExists.c.o   -c /home/esdeath/.local/share/JetBrains/Toolbox/apps/CLion/ch-0/173.4548.31/bin/cmake/share/cmake-3.9/Modules/CheckFunctionExists.c
Linking C executable cmTC_17ff9
/home/esdeath/.local/share/JetBrains/Toolbox/apps/CLion/ch-0/173.4548.31/bin/cmake/bin/cmake -E cmake_link_script CMakeFiles/cmTC_17ff9.dir/link.txt --verbose=1
/usr/bin/cc  -DCHECK_FUNCTION_EXISTS=pthread_create    CMakeFiles/cmTC_17ff9.dir/CheckFunctionExists.c.o  -o cmTC_17ff9 -lpthreads 
/usr/bin/ld: cannot find -lpthreads
collect2: error: ld returned 1 exit status
CMakeFiles/cmTC_17ff9.dir/build.make:97: ошибка выполнения рецепта для цели «cmTC_17ff9»
make[1]: *** [cmTC_17ff9] Ошибка 1
make[1]: выход из каталога «/home/esdeath/CLionProjects/The Matrix/cmake-build-debug/CMakeFiles/CMakeTmp»
Makefile:126: ошибка выполнения рецепта для цели «cmTC_17ff9/fast»
make: *** [cmTC_17ff9/fast] Ошибка 2


